<?xml version="1.0" encoding="UTF-8"?>
<!-- Generated by org.testng.reporters.JUnitReportReporter -->
<testsuite hostname="LAPTOP-UJ8D7LCH" failures="0" tests="10" name="com.mindtree.Runner.TestRunner" time="93.132" errors="0" timestamp="2021-11-18T13:24:45 IST" skipped="0">
  <testcase classname="com.mindtree.Runner.TestRunner" name="runScenario" time="18.517"/>
  <system-out/>
  <testcase classname="com.mindtree.Runner.TestRunner" name="runScenario" time="3.876"/>
  <system-out/>
  <testcase classname="com.mindtree.Runner.TestRunner" name="runScenario" time="8.807"/>
  <system-out/>
  <testcase classname="com.mindtree.Runner.TestRunner" name="runScenario" time="6.350"/>
  <system-out/>
  <testcase classname="com.mindtree.Runner.TestRunner" name="runScenario" time="6.855"/>
  <system-out/>
  <testcase classname="com.mindtree.Runner.TestRunner" name="runScenario" time="6.412"/>
  <system-out/>
  <testcase classname="com.mindtree.Runner.TestRunner" name="runScenario" time="11.825"/>
  <system-out/>
  <testcase classname="com.mindtree.Runner.TestRunner" name="runScenario" time="6.284"/>
  <system-out/>
  <testcase classname="com.mindtree.Runner.TestRunner" name="runScenario" time="11.242"/>
  <system-out/>
  <testcase classname="com.mindtree.Runner.TestRunner" name="runScenario" time="12.964"/>
  <system-out/>
</testsuite> <!-- com.mindtree.Runner.TestRunner -->
