<?xml version="1.0" encoding="UTF-8"?>
<!-- Generated by org.testng.reporters.JUnitReportReporter -->
<testsuite hostname="LAPTOP-UJ8D7LCH" failures="0" tests="10" name="com.mindtree.Runner.TestRunner" time="96.744" errors="0" timestamp="2021-11-19T12:09:16 IST" skipped="0">
  <testcase classname="com.mindtree.Runner.TestRunner" name="runScenario" time="11.571"/>
  <system-out/>
  <testcase classname="com.mindtree.Runner.TestRunner" name="runScenario" time="14.829"/>
  <system-out/>
  <testcase classname="com.mindtree.Runner.TestRunner" name="runScenario" time="8.419"/>
  <system-out/>
  <testcase classname="com.mindtree.Runner.TestRunner" name="runScenario" time="11.645"/>
  <system-out/>
  <testcase classname="com.mindtree.Runner.TestRunner" name="runScenario" time="6.682"/>
  <system-out/>
  <testcase classname="com.mindtree.Runner.TestRunner" name="runScenario" time="6.318"/>
  <system-out/>
  <testcase classname="com.mindtree.Runner.TestRunner" name="runScenario" time="3.800"/>
  <system-out/>
  <testcase classname="com.mindtree.Runner.TestRunner" name="runScenario" time="17.634"/>
  <system-out/>
  <testcase classname="com.mindtree.Runner.TestRunner" name="runScenario" time="9.077"/>
  <system-out/>
  <testcase classname="com.mindtree.Runner.TestRunner" name="runScenario" time="6.769"/>
  <system-out/>
</testsuite> <!-- com.mindtree.Runner.TestRunner -->
